<?xml version="1.0" encoding="UTF-8"?>
<!-- Generated by org.testng.reporters.JUnitReportReporter -->
<testsuite hostname="DESKTOP-MO03QBL" failures="0" tests="1" name="testCases.TC_016_AddNewBlogs" time="29.288" errors="0" timestamp="2023-09-07T15:27:53 IST" skipped="0">
  <testcase classname="testCases.TC_016_AddNewBlogs" name="addNewBlogs" time="29.288"/>
</testsuite> <!-- testCases.TC_016_AddNewBlogs -->
