<?xml version="1.0" encoding="UTF-8"?>
<!-- Generated by org.testng.reporters.JUnitReportReporter -->
<testsuite hostname="DESKTOP-MO03QBL" failures="0" tests="1" name="testCases.TC_019_FindBrokenLink" time="28.938" errors="0" timestamp="2023-09-21T10:38:39 IST" skipped="0">
  <testcase classname="testCases.TC_019_FindBrokenLink" name="findBrokenLinks" time="28.938"/>
</testsuite> <!-- testCases.TC_019_FindBrokenLink -->
