<?xml version="1.0" encoding="UTF-8"?>
<!-- Generated by org.testng.reporters.JUnitReportReporter -->
<testsuite hostname="DESKTOP-MO03QBL" failures="0" tests="1" name="testCases.TC_017_DeleteBlogs" time="28.052" errors="0" timestamp="2023-08-30T17:56:38 IST" skipped="0">
  <testcase classname="testCases.TC_017_DeleteBlogs" name="addNewBlogs" time="28.052"/>
</testsuite> <!-- testCases.TC_017_DeleteBlogs -->
