<?xml version="1.0" encoding="UTF-8"?>
<!-- Generated by org.testng.reporters.JUnitReportReporter -->
<testsuite hostname="DESKTOP-MO03QBL" failures="0" tests="1" name="testCases.TC_021_ChangeStatusOf_ORDER" time="4.815" errors="0" timestamp="2023-09-11T12:06:31 IST" skipped="0">
  <testcase classname="testCases.TC_021_ChangeStatusOf_ORDER" name="changeStatusOfOrder" time="4.815"/>
</testsuite> <!-- testCases.TC_021_ChangeStatusOf_ORDER -->
