<?xml version="1.0" encoding="UTF-8"?>
<!-- Generated by org.testng.reporters.JUnitReportReporter -->
<testsuite hostname="DESKTOP-MO03QBL" failures="0" tests="1" name="testCases.TC_015_AddBrandCollection" time="35.662" errors="0" timestamp="2023-08-29T15:34:24 IST" skipped="0">
  <testcase classname="testCases.TC_015_AddBrandCollection" name="addNewBrandCollection" time="35.662"/>
</testsuite> <!-- testCases.TC_015_AddBrandCollection -->
