<?xml version="1.0" encoding="UTF-8"?>
<!-- Generated by org.testng.reporters.JUnitReportReporter -->
<testsuite hostname="DESKTOP-MO03QBL" failures="0" tests="1" name="testCases.TC_012_AddCouponBuyXGetY" time="51.134" errors="0" timestamp="2023-08-29T14:41:11 IST" skipped="0">
  <testcase classname="testCases.TC_012_AddCouponBuyXGetY" name="addCouponWithBuyXGetY" time="51.134"/>
</testsuite> <!-- testCases.TC_012_AddCouponBuyXGetY -->
