<?xml version="1.0" encoding="UTF-8"?>
<!-- Generated by org.testng.reporters.JUnitReportReporter -->
<testsuite hostname="DESKTOP-MO03QBL" failures="0" tests="1" name="testCases.TC_010_AddcouponWithDiscountPer" time="33.973" errors="0" timestamp="2023-08-29T14:46:54 IST" skipped="0">
  <testcase classname="testCases.TC_010_AddcouponWithDiscountPer" name="addCouponWithDiscountPercent" time="33.973"/>
</testsuite> <!-- testCases.TC_010_AddcouponWithDiscountPer -->
