<?xml version="1.0" encoding="UTF-8"?>
<!-- Generated by org.testng.reporters.JUnitReportReporter -->
<testsuite hostname="DESKTOP-MO03QBL" failures="0" tests="1" name="testCases.TC_002_SignIn_page" time="5.346" errors="0" timestamp="2023-10-30T11:14:07 IST" skipped="0">
  <testcase classname="testCases.TC_002_SignIn_page" name="page_SignIn" time="5.346"/>
</testsuite> <!-- testCases.TC_002_SignIn_page -->
