<?xml version="1.0" encoding="UTF-8"?>
<!-- Generated by org.testng.reporters.JUnitReportReporter -->
<testsuite hostname="DESKTOP-MO03QBL" failures="0" tests="1" name="testCases.TC_019_FindBrokenLink" time="3.872" errors="0" timestamp="2023-08-31T17:20:45 IST" skipped="0">
  <testcase classname="testCases.TC_019_FindBrokenLink" name="findBrokenLinks" time="3.872"/>
</testsuite> <!-- testCases.TC_019_FindBrokenLink -->
