<?xml version="1.0" encoding="UTF-8"?>
<!-- Generated by org.testng.reporters.JUnitReportReporter -->
<testsuite hostname="DESKTOP-MO03QBL" failures="0" tests="1" name="testCases.TC_018_EditBlog" time="18.718" errors="0" timestamp="2023-08-31T14:06:15 IST" skipped="0">
  <testcase classname="testCases.TC_018_EditBlog" name="editExistingBlog" time="18.718"/>
</testsuite> <!-- testCases.TC_018_EditBlog -->
