<?xml version="1.0" encoding="UTF-8"?>
<!-- Generated by org.testng.reporters.JUnitReportReporter -->
<testsuite hostname="DESKTOP-MO03QBL" failures="0" tests="1" name="testCases.TC_020_add_virtual_product" time="45.817" errors="0" timestamp="2023-09-20T17:41:33 IST" skipped="0">
  <testcase classname="testCases.TC_020_add_virtual_product" name="addVirtualProduct" time="45.817"/>
</testsuite> <!-- testCases.TC_020_add_virtual_product -->
