<?xml version="1.0" encoding="UTF-8"?>
<!-- Generated by org.testng.reporters.JUnitReportReporter -->
<testsuite hostname="DESKTOP-MO03QBL" failures="0" tests="1" name="testCases.TC_022_BulkAction_Apply" time="112.862" errors="0" timestamp="2023-09-11T12:11:10 IST" skipped="0">
  <testcase classname="testCases.TC_022_BulkAction_Apply" name="verifyBulkAction_OrderPage" time="112.862"/>
</testsuite> <!-- testCases.TC_022_BulkAction_Apply -->
