<?xml version="1.0" encoding="UTF-8"?>
<!-- Generated by org.testng.reporters.JUnitReportReporter -->
<testsuite hostname="DESKTOP-MO03QBL" failures="0" tests="1" name="testCases.TC_011_AddCouponFreeShipping" time="26.867" errors="0" timestamp="2023-08-29T14:41:11 IST" skipped="0">
  <testcase classname="testCases.TC_011_AddCouponFreeShipping" name="addCouponWithFreeShipping" time="26.867"/>
</testsuite> <!-- testCases.TC_011_AddCouponFreeShipping -->
