<?xml version="1.0" encoding="UTF-8"?>
<!-- Generated by org.testng.reporters.JUnitReportReporter -->
<testsuite hostname="DESKTOP-MO03QBL" failures="0" tests="1" name="testCases.TC_023_CreateNewMenu" time="6.796" errors="0" timestamp="2023-09-21T14:52:44 IST" skipped="0">
  <testcase classname="testCases.TC_023_CreateNewMenu" name="addNewMenu" time="6.796"/>
</testsuite> <!-- testCases.TC_023_CreateNewMenu -->
